# JRE version: OpenJDK Runtime Environment Microsoft-8035246 (17.0.8+7) (build 17.0.8+7-LTS)
# Java VM: OpenJDK 64-Bit Server VM Microsoft-8035246 (17.0.8+7-LTS, mixed mode, sharing, tiered, compressed oops, compressed class ptrs, g1 gc, windows-amd64)
GC Precious Log:
 CPUs: 4 total, 4 available
 Memory: 8083M
 Large Page Support: Disabled
 NUMA Support: Disabled
 Compressed Oops: Enabled (32-bit)
 Heap Region Size: 1M
 Heap Min Capacity: 8M
 Heap Initial Capacity: 128M
 Heap Max Capacity: 2G
 Pre-touch: Disabled
 Parallel Workers: 4
 Concurrent Workers: 1
 Concurrent Refinement Workers: 4
 Periodic GC: Disabled
Heap:
 garbage-first heap   total 224256K, used 189813K [0x0000000080000000, 0x0000000100000000)
  region size 1024K, 32 young (32768K), 5 survivors (5120K)
 Metaspace       used 106612K, committed 107584K, reserved 557056K
  class space    used 14719K, committed 15168K, reserved 425984K
GC Heap History (20 events):
Event: 33.333 GC heap before
{Heap before GC invocations=44 (full 0):
 garbage-first heap   total 186368K, used 155822K [0x0000000080000000, 0x0000000100000000)
  region size 1024K, 19 young (19456K), 3 survivors (3072K)
 Metaspace       used 99523K, committed 100416K, reserved 557056K
  class space    used 13812K, committed 14208K, reserved 425984K
}
Event: 33.337 GC heap after
{Heap after GC invocations=45 (full 0):
 garbage-first heap   total 186368K, used 141566K [0x0000000080000000, 0x0000000100000000)
  region size 1024K, 1 young (1024K), 1 survivors (1024K)
 Metaspace       used 99523K, committed 100416K, reserved 557056K
  class space    used 13812K, committed 14208K, reserved 425984K
}
Event: 33.570 GC heap before
{Heap before GC invocations=45 (full 0):
 garbage-first heap   total 186368K, used 157950K [0x0000000080000000, 0x0000000100000000)
  region size 1024K, 18 young (18432K), 1 survivors (1024K)
 Metaspace       used 100975K, committed 101952K, reserved 557056K
  class space    used 14050K, committed 14528K, reserved 425984K
}
Event: 33.576 GC heap after
{Heap after GC invocations=46 (full 0):
 garbage-first heap   total 186368K, used 142136K [0x0000000080000000, 0x0000000100000000)
  region size 1024K, 2 young (2048K), 2 survivors (2048K)
 Metaspace       used 100975K, committed 101952K, reserved 557056K
  class space    used 14050K, committed 14528K, reserved 425984K
}
Event: 33.826 GC heap before
{Heap before GC invocations=46 (full 0):
 garbage-first heap   total 186368K, used 159544K [0x0000000080000000, 0x0000000100000000)
  region size 1024K, 19 young (19456K), 2 survivors (2048K)
 Metaspace       used 102517K, committed 103552K, reserved 557056K
  class space    used 14251K, committed 14720K, reserved 425984K
}
Event: 33.830 GC heap after
{Heap after GC invocations=47 (full 0):
 garbage-first heap   total 186368K, used 142888K [0x0000000080000000, 0x0000000100000000)
  region size 1024K, 3 young (3072K), 3 survivors (3072K)
 Metaspace       used 102517K, committed 103552K, reserved 557056K
  class space    used 14251K, committed 14720K, reserved 425984K
}
Event: 34.156 GC heap before
{Heap before GC invocations=47 (full 0):
 garbage-first heap   total 186368K, used 160296K [0x0000000080000000, 0x0000000100000000)
  region size 1024K, 20 young (20480K), 3 survivors (3072K)
 Metaspace       used 102909K, committed 103872K, reserved 557056K
  class space    used 14298K, committed 14720K, reserved 425984K
}
Event: 34.162 GC heap after
{Heap after GC invocations=48 (full 0):
 garbage-first heap   total 186368K, used 145469K [0x0000000080000000, 0x0000000100000000)
  region size 1024K, 3 young (3072K), 3 survivors (3072K)
 Metaspace       used 102909K, committed 103872K, reserved 557056K
  class space    used 14298K, committed 14720K, reserved 425984K
}
Event: 34.289 GC heap before
{Heap before GC invocations=48 (full 0):
 garbage-first heap   total 186368K, used 160829K [0x0000000080000000, 0x0000000100000000)
  region size 1024K, 18 young (18432K), 3 survivors (3072K)
 Metaspace       used 103791K, committed 104768K, reserved 557056K
  class space    used 14407K, committed 14848K, reserved 425984K
}
Event: 34.295 GC heap after
{Heap after GC invocations=49 (full 0):
 garbage-first heap   total 224256K, used 146560K [0x0000000080000000, 0x0000000100000000)
  region size 1024K, 1 young (1024K), 1 survivors (1024K)
 Metaspace       used 103791K, committed 104768K, reserved 557056K
  class space    used 14407K, committed 14848K, reserved 425984K
}
Event: 34.752 GC heap before
{Heap before GC invocations=49 (full 0):
 garbage-first heap   total 224256K, used 185472K [0x0000000080000000, 0x0000000100000000)
  region size 1024K, 39 young (39936K), 1 survivors (1024K)
 Metaspace       used 104946K, committed 105856K, reserved 557056K
  class space    used 14539K, committed 14976K, reserved 425984K
}
Event: 34.760 GC heap after
{Heap after GC invocations=50 (full 0):
 garbage-first heap   total 224256K, used 151166K [0x0000000080000000, 0x0000000100000000)
  region size 1024K, 5 young (5120K), 5 survivors (5120K)
 Metaspace       used 104946K, committed 105856K, reserved 557056K
  class space    used 14539K, committed 14976K, reserved 425984K
}
Event: 35.133 GC heap before
{Heap before GC invocations=50 (full 0):
 garbage-first heap   total 224256K, used 187006K [0x0000000080000000, 0x0000000100000000)
  region size 1024K, 40 young (40960K), 5 survivors (5120K)
 Metaspace       used 105324K, committed 106304K, reserved 557056K
  class space    used 14574K, committed 14976K, reserved 425984K
}
Event: 35.143 GC heap after
{Heap after GC invocations=51 (full 0):
 garbage-first heap   total 224256K, used 155115K [0x0000000080000000, 0x0000000100000000)
  region size 1024K, 4 young (4096K), 4 survivors (4096K)
 Metaspace       used 105324K, committed 106304K, reserved 557056K
  class space    used 14574K, committed 14976K, reserved 425984K
}
Event: 35.573 GC heap before
{Heap before GC invocations=51 (full 0):
 garbage-first heap   total 224256K, used 187883K [0x0000000080000000, 0x0000000100000000)
  region size 1024K, 37 young (37888K), 4 survivors (4096K)
 Metaspace       used 105985K, committed 106944K, reserved 557056K
  class space    used 14668K, committed 15104K, reserved 425984K
}
Event: 35.580 GC heap after
{Heap after GC invocations=52 (full 0):
 garbage-first heap   total 224256K, used 158225K [0x0000000080000000, 0x0000000100000000)
  region size 1024K, 3 young (3072K), 3 survivors (3072K)
 Metaspace       used 105985K, committed 106944K, reserved 557056K
  class space    used 14668K, committed 15104K, reserved 425984K
}
Event: 36.106 GC heap before
{Heap before GC invocations=52 (full 0):
 garbage-first heap   total 224256K, used 188945K [0x0000000080000000, 0x0000000100000000)
  region size 1024K, 34 young (34816K), 3 survivors (3072K)
 Metaspace       used 106290K, committed 107264K, reserved 557056K
  class space    used 14676K, committed 15104K, reserved 425984K
}
Event: 36.112 GC heap after
{Heap after GC invocations=53 (full 0):
 garbage-first heap   total 224256K, used 159890K [0x0000000080000000, 0x0000000100000000)
  region size 1024K, 2 young (2048K), 2 survivors (2048K)
 Metaspace       used 106290K, committed 107264K, reserved 557056K
  class space    used 14676K, committed 15104K, reserved 425984K
}
Event: 36.521 GC heap before
{Heap before GC invocations=53 (full 0):
 garbage-first heap   total 224256K, used 191634K [0x0000000080000000, 0x0000000100000000)
  region size 1024K, 33 young (33792K), 2 survivors (2048K)
 Metaspace       used 106612K, committed 107584K, reserved 557056K
  class space    used 14719K, committed 15168K, reserved 425984K
}
Event: 36.526 GC heap after
{Heap after GC invocations=54 (full 0):
 garbage-first heap   total 224256K, used 163189K [0x0000000080000000, 0x0000000100000000)
  region size 1024K, 5 young (5120K), 5 survivors (5120K)
 Metaspace       used 106612K, committed 107584K, reserved 557056K
  class space    used 14719K, committed 15168K, reserved 425984K
}

